<?xml version="1.0" encoding="UTF-8"?>
<testng-results ignored="0" total="1" passed="1" failed="0" skipped="0">
  <reporter-output>
  </reporter-output>
  <suite started-at="2022-11-20T21:14:12 IST" name="Default suite" finished-at="2022-11-20T21:14:19 IST" duration-ms="6422">
    <groups>
    </groups>
    <test started-at="2022-11-20T21:14:12 IST" name="Default test" finished-at="2022-11-20T21:14:19 IST" duration-ms="6422">
      <class name="Ecom.E_CommerceApiTest">
        <test-method signature="main()[pri:0, instance:Ecom.E_CommerceApiTest@3527942a]" started-at="2022-11-20T21:14:12 IST" name="main" finished-at="2022-11-20T21:14:19 IST" duration-ms="6337" status="PASS">
          <reporter-output>
          </reporter-output>
        </test-method> <!-- main -->
      </class> <!-- Ecom.E_CommerceApiTest -->
    </test> <!-- Default test -->
  </suite> <!-- Default suite -->
</testng-results>
